Arguments: 
  /home/jithin/.nvm/versions/node/v12.19.0/bin/node /usr/share/yarn/bin/yarn.js watch

PATH: 
  /home/jithin/.nvm/versions/node/v12.19.0/bin:/home/jithin/.local/bin:/usr/local/sbin:/usr/local/bin:/usr/sbin:/usr/bin:/sbin:/bin:/usr/games:/usr/local/games:/snap/bin

Yarn version: 
  1.22.5

Node version: 
  12.19.0

Platform: 
  linux x64

Trace: 
  SyntaxError: /home/jithin/Work/tutorials_and_tests/vstodo/package.json: Unexpected token / in JSON at position 607
      at JSON.parse (<anonymous>)
      at /usr/share/yarn/lib/cli.js:1625:59
      at Generator.next (<anonymous>)
      at step (/usr/share/yarn/lib/cli.js:310:30)
      at /usr/share/yarn/lib/cli.js:321:13

npm manifest: 
  {
  	"name": "vstodo",
  	"displayName": "VSTodo",
  	"description": "my first ever vs code extension",
  	"version": "0.0.1",
  	"engines": {
  		"vscode": "^1.53.0"
  	},
  	"categories": [
  		"Other"
  	],
  	"activationEvents": [
  		"onCommand:vstodo.helloWorld",
  		"onCommand:vstodo.askQuestion",
  		"onCommand:vstodo.refreshWebView",
  		"onView:vstodo-sidebar"
  	],
  	"main": "./dist/extension.js",
  	"contributes": {
  		"viewsContainers": {
  			"activitybar": [
  				{
  					"id": "vstodo-sidebar-view",
  					"title": "VSTodo",
  					"icon": "media/checklist.svg"
  				}
  			]
  		},
  		"views": {
  			"vstodo-sidebar-view": [
  				{
  					// "type": "webview",
  					"id": "vstodo-sidebar",
  					"name": "VSTodo",
  					"icon": "media/checklist.svg",
  					"contextualTitle": "VSTodo"
  				}
  			]
  		},
  		"commands": [
  			{
  				"command": "vstodo.helloWorld",
  				"title": "Hello World"
  			},
  			{
  				"command": "vstodo.askQuestion",
  				"category": "VSTodo",
  				"title": "Ask Question"
  			},
  			{
  				"command": "vstodo.refreshWebView",
  				"category": "VSTodo",
  				"title": "Refresh"
  			}
  		]
  	},
  	"scripts": {
  		"vscode:prepublish": "npm run package",
  		"compile": "webpack",
  		"watch": "concurrently \"rollup -c -w\" \"webpack --watch\"",
  		"package": "webpack --mode production --devtool hidden-source-map",
  		"test-compile": "tsc -p ./",
  		"test-watch": "tsc -watch -p ./",
  		"pretest": "npm run test-compile && npm run lint",
  		"lint": "eslint src --ext ts",
  		"test": "node ./out/test/runTest.js"
  	},
  	"devDependencies": {
  		"@rollup/plugin-commonjs": "^17.1.0",
  		"@rollup/plugin-node-resolve": "^11.1.1",
  		"@rollup/plugin-typescript": "^8.1.1",
  		"@tsconfig/svelte": "^1.0.10",
  		"@types/glob": "^7.1.3",
  		"@types/mocha": "^8.0.4",
  		"@types/node": "^12.11.7",
  		"@types/vscode": "^1.53.0",
  		"@typescript-eslint/eslint-plugin": "^4.14.1",
  		"@typescript-eslint/parser": "^4.14.1",
  		"concurrently": "^5.3.0",
  		"eslint": "^7.19.0",
  		"glob": "^7.1.6",
  		"mocha": "^8.2.1",
  		"rollup": "^2.39.0",
  		"rollup-plugin-svelte": "^7.1.0",
  		"rollup-plugin-terser": "^7.0.2",
  		"svelte": "^3.32.3",
  		"svelte-check": "^1.1.34",
  		"svelte-preprocess": "^4.6.8",
  		"ts-loader": "^8.0.14",
  		"typescript": "^4.1.3",
  		"vscode-test": "^1.5.0",
  		"webpack": "^5.19.0",
  		"webpack-cli": "^4.4.0"
  	}
  }

yarn manifest: 
  No manifest

Lockfile: 
  No lockfile
